d:\ishibashi_github\dx12study\directx12\directx12\x64\debug\vc141.pdb
d:\ishibashi_github\dx12study\directx12\directx12\x64\debug\vc141.idb
d:\ishibashi_github\dx12study\directx12\directx12\x64\debug\dx12device.obj
d:\ishibashi_github\dx12study\directx12\directx12\x64\debug\mmdloader.obj
d:\ishibashi_github\dx12study\directx12\directx12\x64\debug\main.obj
d:\ishibashi_github\dx12study\directx12\x64\debug\gstest.cso
d:\ishibashi_github\dx12study\directx12\x64\debug\shader.cso
d:\ishibashi_github\dx12study\directx12\x64\debug\projectionscreentest.cso
d:\ishibashi_github\dx12study\directx12\x64\debug\directx12.ilk
d:\ishibashi_github\dx12study\directx12\x64\debug\directx12.exe
d:\ishibashi_github\dx12study\directx12\x64\debug\directx12.pdb
d:\ishibashi_github\dx12study\directx12\directx12\x64\debug\directx12.tlog\cl.command.1.tlog
d:\ishibashi_github\dx12study\directx12\directx12\x64\debug\directx12.tlog\cl.read.1.tlog
d:\ishibashi_github\dx12study\directx12\directx12\x64\debug\directx12.tlog\cl.write.1.tlog
d:\ishibashi_github\dx12study\directx12\directx12\x64\debug\directx12.tlog\directx12.write.1u.tlog
d:\ishibashi_github\dx12study\directx12\directx12\x64\debug\directx12.tlog\fxc.command.1.tlog
d:\ishibashi_github\dx12study\directx12\directx12\x64\debug\directx12.tlog\fxc.read.1.tlog
d:\ishibashi_github\dx12study\directx12\directx12\x64\debug\directx12.tlog\fxc.write.1.tlog
d:\ishibashi_github\dx12study\directx12\directx12\x64\debug\directx12.tlog\link.command.1.tlog
d:\ishibashi_github\dx12study\directx12\directx12\x64\debug\directx12.tlog\link.read.1.tlog
d:\ishibashi_github\dx12study\directx12\directx12\x64\debug\directx12.tlog\link.write.1.tlog
